<?xml version="1.0" encoding="UTF-8"?>
<!-- Generated by org.testng.reporters.JUnitXMLReporter -->
<testsuite ignored="1" hostname="DESKTOP-LOEDF30" failures="1" tests="6" name="Test" time="2.565" errors="0" timestamp="2024-08-29T16:51:46 EEST">
  <testcase classname="junit_testng.Dependent" name="login" time="0.005"/>
  <testcase classname="junit_testng.Dependent" name="sendEMail" time="0.002"/>
  <testcase classname="org.web.automation.testcases.TC_001_Registration_Functionality" name="Login" time="0.224">
    <failure type="java.lang.AssertionError">
      <![CDATA[java.lang.AssertionError
at org.junit.Assert.fail(Assert.java:87)
at org.junit.Assert.fail(Assert.java:96)
at pages.LoginPage.enterUsername(LoginPage.java:30)
at org.web.automation.testcases.TC_001_Registration_Functionality.Login(TC_001_Registration_Functionality.java:188)
at java.base/java.util.ArrayList.forEach(ArrayList.java:1597)
... Removed 25 stack frames]]>
    </failure>
  </testcase> <!-- Login -->
  <testcase classname="junit_testng.TestNG" name="test3" time="0.0"/>
  <testcase classname="junit_testng.TestNG" name="test2" time="0.001"/>
  <testcase classname="junit_testng.TestNG2" name="f" time="0.0"/>
  <testcase classname="junit_testng.TestNG" name="test1" time="0.0">
    <ignored/>
  </testcase> <!-- test1 -->
</testsuite> <!-- Test -->
